[INFO]: Saving runtime environment...
[INFO]: Preparing LEF files for the nom corner...
[INFO]: Preparing LEF files for the min corner...
[INFO]: Preparing LEF files for the max corner...
[WARNING]: PNR_SDC_FILE is not set. It is recommended to write a custom SDC file for the design. Defaulting to BASE_SDC_FILE
[WARNING]: SIGNOFF_SDC_FILE is not set. It is recommended to write a custom SDC file for the design. Defaulting to BASE_SDC_FILE
[INFO]: Running linter (Verilator) (log: designs/dff_ram_4*72/runs/first_run/logs/synthesis/linter.log)...
[INFO]: 0 errors found by linter
[INFO]: 0 warnings found by linter
[INFO]: Running Synthesis (log: designs/dff_ram_4*72/runs/first_run/logs/synthesis/1-synthesis.log)...
[INFO]: Running Single-Corner Static Timing Analysis (log: designs/dff_ram_4*72/runs/first_run/logs/synthesis/2-sta.log)...
[INFO]: Running Initial Floorplanning (log: designs/dff_ram_4*72/runs/first_run/logs/floorplan/3-initial_fp.log)...
[INFO]: Floorplanned with width 171.58 and height 171.36.
[INFO]: Running IO Placement (log: designs/dff_ram_4*72/runs/first_run/logs/floorplan/4-io.log)...
[INFO]: Running Tap/Decap Insertion (log: designs/dff_ram_4*72/runs/first_run/logs/floorplan/5-tap.log)...
[INFO]: Power planning with power {VPWR} and ground {VGND}...
[INFO]: Generating PDN (log: designs/dff_ram_4*72/runs/first_run/logs/floorplan/6-pdn.log)...
[INFO]: Running Global Placement (skip_io) (log: designs/dff_ram_4*72/runs/first_run/logs/placement/6-global_skip_io.log)...
[INFO]: Running Single-Corner Static Timing Analysis (log: designs/dff_ram_4*72/runs/first_run/logs/placement/8-gpl_sta.log)...
[INFO]: Running IO Placement (log: designs/dff_ram_4*72/runs/first_run/logs/placement/9-io.log)...
[INFO]: Running Global Placement (log: designs/dff_ram_4*72/runs/first_run/logs/placement/9-global.log)...
[INFO]: Running Single-Corner Static Timing Analysis (log: designs/dff_ram_4*72/runs/first_run/logs/placement/11-gpl_sta.log)...
[INFO]: Running Placement Resizer Design Optimizations (log: designs/dff_ram_4*72/runs/first_run/logs/placement/12-resizer.log)...
[INFO]: Running Detailed Placement (log: designs/dff_ram_4*72/runs/first_run/logs/placement/13-detailed.log)...
[INFO]: Running Single-Corner Static Timing Analysis (log: designs/dff_ram_4*72/runs/first_run/logs/placement/14-dpl_sta.log)...
[INFO]: Running Clock Tree Synthesis (log: designs/dff_ram_4*72/runs/first_run/logs/cts/15-cts.log)...
[INFO]: Running Single-Corner Static Timing Analysis (log: designs/dff_ram_4*72/runs/first_run/logs/cts/16-cts_sta.log)...
[INFO]: Running Placement Resizer Timing Optimizations (log: designs/dff_ram_4*72/runs/first_run/logs/cts/17-resizer.log)...
[INFO]: Running Global Routing Resizer Design Optimizations (log: designs/dff_ram_4*72/runs/first_run/logs/routing/18-resizer_design.log)...
[INFO]: Running Single-Corner Static Timing Analysis (log: designs/dff_ram_4*72/runs/first_run/logs/routing/19-rsz_design_sta.log)...
[INFO]: Running Global Routing Resizer Timing Optimizations (log: designs/dff_ram_4*72/runs/first_run/logs/routing/20-resizer_timing.log)...
[INFO]: Running Single-Corner Static Timing Analysis (log: designs/dff_ram_4*72/runs/first_run/logs/routing/21-rsz_timing_sta.log)...
[INFO]: Running Global Routing (log: designs/dff_ram_4*72/runs/first_run/logs/routing/22-global.log)...
[INFO]: Writing Verilog (log: designs/dff_ram_4*72/runs/first_run/logs/routing/22-global_write_netlist.log)...
[INFO]: Running Single-Corner Static Timing Analysis (log: designs/dff_ram_4*72/runs/first_run/logs/routing/24-grt_sta.log)...
[INFO]: Running Fill Insertion (log: designs/dff_ram_4*72/runs/first_run/logs/routing/25-fill.log)...
[INFO]: Running Detailed Routing (log: designs/dff_ram_4*72/runs/first_run/logs/routing/26-detailed.log)...
[INFO]: No Magic DRC violations after detailed routing.
[INFO]: Checking Wire Lengths (log: designs/dff_ram_4*72/runs/first_run/logs/routing/27-wire_lengths.log)...
[INFO]: Running SPEF Extraction at the min process corner (log: designs/dff_ram_4*72/runs/first_run/logs/signoff/28-parasitics_extraction.min.log)...
[INFO]: Running Multi-Corner Static Timing Analysis at the min process corner (log: designs/dff_ram_4*72/runs/first_run/logs/signoff/29-rcx_mcsta.min.log)...
[INFO]: Running SPEF Extraction at the max process corner (log: designs/dff_ram_4*72/runs/first_run/logs/signoff/30-parasitics_extraction.max.log)...
[INFO]: Running Multi-Corner Static Timing Analysis at the max process corner (log: designs/dff_ram_4*72/runs/first_run/logs/signoff/31-rcx_mcsta.max.log)...
[INFO]: Running SPEF Extraction at the nom process corner (log: designs/dff_ram_4*72/runs/first_run/logs/signoff/32-parasitics_extraction.nom.log)...
[INFO]: Running Multi-Corner Static Timing Analysis at the nom process corner (log: designs/dff_ram_4*72/runs/first_run/logs/signoff/33-rcx_mcsta.nom.log)...
[WARNING]: VSRC_LOC_FILES was not given a value, which may make the results of IR drop analysis inaccurate. If you are not integrating a top-level chip for manufacture, you may ignore this warning, otherwise, see the documentation for VSRC_LOC_FILES.
[INFO]: Creating IR Drop Report (log: designs/dff_ram_4*72/runs/first_run/logs/signoff/34-irdrop.log)...
[INFO]: Running Magic to generate various views...
[INFO]: Streaming out GDSII with Magic (log: designs/dff_ram_4*72/runs/first_run/logs/signoff/35-gdsii.log)...
[INFO]: Generating MAGLEF views...
[INFO]: Generating lef with Magic (/openlane/designs/dff_ram_4*72/runs/first_run/logs/signoff/35-lef.log)...
[INFO]: Streaming out GDSII with KLayout (log: designs/dff_ram_4*72/runs/first_run/logs/signoff/36-gdsii-klayout.log)...
[INFO]: Running XOR on the layouts using KLayout (log: designs/dff_ram_4*72/runs/first_run/logs/signoff/37-xor.log)...
[INFO]: No XOR differences between KLayout and Magic gds.
[INFO]: Running Magic Spice Export from LEF (log: designs/dff_ram_4*72/runs/first_run/logs/signoff/38-spice.log)...
[INFO]: Writing Powered Verilog (logs: designs/dff_ram_4*72/runs/first_run/logs/signoff/39-write_powered_def.log, designs/dff_ram_4*72/runs/first_run/logs/signoff/39-write_powered_verilog.log)...
[INFO]: Writing Verilog (log: designs/dff_ram_4*72/runs/first_run/logs/signoff/39-write_powered_verilog.log)...
[INFO]: Running LVS (log: designs/dff_ram_4*72/runs/first_run/logs/signoff/41-lvs.lef.log)...
[INFO]: Running Magic DRC (log: designs/dff_ram_4*72/runs/first_run/logs/signoff/42-drc.log)...
[INFO]: Converting Magic DRC database to various tool-readable formats...
[INFO]: No Magic DRC violations after GDS streaming out.
[INFO]: Running KLayout DRC (log: designs/dff_ram_4*72/runs/first_run/logs/signoff/43-drc-klayout.log)...
[ERROR]: during executing: "klayout -b -zz -r /home/kulsoom/.volare/sky130A/libs.tech/klayout/drc/sky130A_mr.drc -rd topcell=dff_ram_4x72 -rd input=/openlane/designs/dff_ram_4*72/runs/first_run/results/signoff/dff_ram_4x72.gds -rd report=/openlane/designs/dff_ram_4*72/runs/first_run/reports/signoff/violations.xml -rd feol=true -rd beol=true -rd floating_metal=false -rd seal=true -rd thread=1 |& tee /dev/null /openlane/designs/dff_ram_4*72/runs/first_run/logs/signoff/43-drc-klayout.log"
[ERROR]: Exit code: 1
[ERROR]: Last 10 lines:
ERROR: In /home/kulsoom/.volare/sky130A/libs.tech/klayout/drc/sky130A_mr.drc: 'source': LAYER record expected (position=2062862, record number=164691, cell=dff_ram_4x72) in Layout::read
ERROR: 'source': LAYER record expected (position=2062862, record number=164691, cell=dff_ram_4x72) in Layout::read in Executable::execute
  /home/kulsoom/.volare/sky130A/libs.tech/klayout/drc/sky130A_mr.drc:28:in `execute'
  :/built-in-macros/drc_interpreters.lym:27:in `instance_eval'
  :/built-in-macros/drc_interpreters.lym:27:in `execute'
child process exited abnormally

[ERROR]: Step 43 (drc) failed with error:
-code 1 -level 0 -errorcode NONE -errorinfo {
    while executing
"throw_error"
    (procedure "try_exec" line 15)
    invoked from within
"try_exec klayout  -b  -zz  -r $drc_script_path  -rd topcell=$::env(DESIGN_NAME)  -rd input=$::env(CURRENT_GDS)  -rd report=$xml_report  -rd feol=$feol..."
    (procedure "run_klayout_drc_sky130" line 34)
    invoked from within
"run_klayout_drc_sky130"
    (procedure "run_klayout_drc" line 10)
    invoked from within
"run_klayout_drc"
    (procedure "run_drc_step" line 12)
    invoked from within
"run_drc_step"} -errorline 1
[INFO]: Saving current set of views in 'designs/dff_ram_4*72/runs/first_run/results/final'...
[INFO]: Generating final set of reports...
[INFO]: Created manufacturability report at 'designs/dff_ram_4*72/runs/first_run/reports/manufacturability.rpt'.
[INFO]: Created metrics report at 'designs/dff_ram_4*72/runs/first_run/reports/metrics.csv'.
[INFO]: Saving runtime environment...
[ERROR]: Flow failed.
[INFO]: The failure may have been because of the following warnings:
